[      42ms] [ERROR] Failed to load resource: the server responded with a status of 404 (Not Found) @ http://localhost:3033/infineon/:0
[   42015ms] TypeError: Cannot read properties of null (reading 'style')
    at http://localhost:3033/assets/js/navbar.js:51:14
[   42433ms] TypeError: Cannot read properties of null (reading 'style')
    at http://localhost:3033/assets/js/navbar.js:51:14
[   42749ms] TypeError: Cannot read properties of null (reading 'style')
    at http://localhost:3033/assets/js/navbar.js:51:14
[   42801ms] TypeError: Cannot read properties of null (reading 'style')
    at http://localhost:3033/assets/js/navbar.js:51:14
[   42866ms] TypeError: Cannot read properties of null (reading 'style')
    at http://localhost:3033/assets/js/navbar.js:51:14
[   43250ms] TypeError: Cannot read properties of null (reading 'style')
    at http://localhost:3033/assets/js/navbar.js:51:14
[   43267ms] TypeError: Cannot read properties of null (reading 'style')
    at http://localhost:3033/assets/js/navbar.js:51:14
[   43333ms] TypeError: Cannot read properties of null (reading 'style')
    at http://localhost:3033/assets/js/navbar.js:51:14
[   43633ms] TypeError: Cannot read properties of null (reading 'style')
    at http://localhost:3033/assets/js/navbar.js:51:14
[   43768ms] TypeError: Cannot read properties of null (reading 'style')
    at http://localhost:3033/assets/js/navbar.js:51:14
[   44100ms] TypeError: Cannot read properties of null (reading 'style')
    at http://localhost:3033/assets/js/navbar.js:51:14
[   44153ms] TypeError: Cannot read properties of null (reading 'style')
    at http://localhost:3033/assets/js/navbar.js:51:14
[   44601ms] TypeError: Cannot read properties of null (reading 'style')
    at http://localhost:3033/assets/js/navbar.js:51:14
[   44634ms] TypeError: Cannot read properties of null (reading 'style')
    at http://localhost:3033/assets/js/navbar.js:51:14
[   44667ms] TypeError: Cannot read properties of null (reading 'style')
    at http://localhost:3033/assets/js/navbar.js:51:14
[   45018ms] TypeError: Cannot read properties of null (reading 'style')
    at http://localhost:3033/assets/js/navbar.js:51:14
[   45052ms] TypeError: Cannot read properties of null (reading 'style')
    at http://localhost:3033/assets/js/navbar.js:51:14
[   45084ms] TypeError: Cannot read properties of null (reading 'style')
    at http://localhost:3033/assets/js/navbar.js:51:14
[   45135ms] TypeError: Cannot read properties of null (reading 'style')
    at http://localhost:3033/assets/js/navbar.js:51:14
[   45602ms] TypeError: Cannot read properties of null (reading 'style')
    at http://localhost:3033/assets/js/navbar.js:51:14
[   45685ms] TypeError: Cannot read properties of null (reading 'style')
    at http://localhost:3033/assets/js/navbar.js:51:14
[   46069ms] TypeError: Cannot read properties of null (reading 'style')
    at http://localhost:3033/assets/js/navbar.js:51:14
[   46102ms] TypeError: Cannot read properties of null (reading 'style')
    at http://localhost:3033/assets/js/navbar.js:51:14
[   46636ms] TypeError: Cannot read properties of null (reading 'style')
    at http://localhost:3033/assets/js/navbar.js:51:14
[   46654ms] TypeError: Cannot read properties of null (reading 'style')
    at http://localhost:3033/assets/js/navbar.js:51:14
[   47320ms] TypeError: Cannot read properties of null (reading 'style')
    at http://localhost:3033/assets/js/navbar.js:51:14
[   47994ms] TypeError: Cannot read properties of null (reading 'style')
    at http://localhost:3033/assets/js/navbar.js:51:14
[  100657ms] [ERROR] Failed to load resource: the server responded with a status of 404 (Not Found) @ http://localhost:3033/news/industry/semiconductor-trends-2026.html:0
[  102344ms] TypeError: Cannot read properties of null (reading 'style')
    at http://localhost:3033/assets/js/navbar.js:51:14
[  102354ms] TypeError: Cannot read properties of null (reading 'style')
    at http://localhost:3033/assets/js/navbar.js:51:14
[  102389ms] TypeError: Cannot read properties of null (reading 'style')
    at http://localhost:3033/assets/js/navbar.js:51:14
[  102422ms] TypeError: Cannot read properties of null (reading 'style')
    at http://localhost:3033/assets/js/navbar.js:51:14
[  102870ms] TypeError: Cannot read properties of null (reading 'style')
    at http://localhost:3033/assets/js/navbar.js:51:14
[  103107ms] TypeError: Cannot read properties of null (reading 'style')
    at http://localhost:3033/assets/js/navbar.js:51:14
[  103203ms] TypeError: Cannot read properties of null (reading 'style')
    at http://localhost:3033/assets/js/navbar.js:51:14
[  103254ms] TypeError: Cannot read properties of null (reading 'style')
    at http://localhost:3033/assets/js/navbar.js:51:14
[  103604ms] TypeError: Cannot read properties of null (reading 'style')
    at http://localhost:3033/assets/js/navbar.js:51:14
[  103637ms] TypeError: Cannot read properties of null (reading 'style')
    at http://localhost:3033/assets/js/navbar.js:51:14
