[ 1493186ms] [ERROR] Failed to load resource: the server responded with a status of 404 (Not Found) @ http://localhost:3033/assets/images/logo.svg:0
[ 1494413ms] [ERROR] Failed to load resource: the server responded with a status of 404 (Not Found) @ http://localhost:3033/infineon/:0
[ 1494434ms] [ERROR] Failed to load resource: the server responded with a status of 404 (Not Found) @ http://localhost:3033/assets/images/logo.svg:0
[ 1549036ms] [ERROR] Failed to load resource: the server responded with a status of 404 (Not Found) @ http://localhost:3033/infineon/:0
[ 1549057ms] [ERROR] Failed to load resource: the server responded with a status of 404 (Not Found) @ http://localhost:3033/assets/images/logo.svg:0
[ 1549554ms] [ERROR] Failed to load resource: the server responded with a status of 404 (Not Found) @ http://localhost:3033/infineon/:0
[ 1549574ms] [ERROR] Failed to load resource: the server responded with a status of 404 (Not Found) @ http://localhost:3033/assets/images/logo.svg:0
[ 1549777ms] [ERROR] Failed to load resource: the server responded with a status of 404 (Not Found) @ http://localhost:3033/infineon/:0
[ 1549797ms] [ERROR] Failed to load resource: the server responded with a status of 404 (Not Found) @ http://localhost:3033/assets/images/logo.svg:0
[ 1552175ms] [ERROR] Failed to load resource: the server responded with a status of 404 (Not Found) @ http://localhost:3033/assets/images/logo.svg:0
[ 1553967ms] [ERROR] Failed to load resource: the server responded with a status of 404 (Not Found) @ http://localhost:3033/infineon/:0
[ 1553987ms] [ERROR] Failed to load resource: the server responded with a status of 404 (Not Found) @ http://localhost:3033/assets/images/logo.svg:0
[ 1555120ms] [ERROR] Failed to load resource: the server responded with a status of 404 (Not Found) @ http://localhost:3033/assets/images/logo.svg:0
[ 1556074ms] [ERROR] Failed to load resource: the server responded with a status of 404 (Not Found) @ http://localhost:3033/assets/images/logo.svg:0
[ 1556827ms] [ERROR] Failed to load resource: the server responded with a status of 404 (Not Found) @ http://localhost:3033/news/:0
[ 1556850ms] [ERROR] Failed to load resource: the server responded with a status of 404 (Not Found) @ http://localhost:3033/assets/images/logo.svg:0
[ 1558205ms] [ERROR] Failed to load resource: the server responded with a status of 404 (Not Found) @ http://localhost:3033/about/:0
[ 1558232ms] [ERROR] Failed to load resource: the server responded with a status of 404 (Not Found) @ http://localhost:3033/assets/images/logo.svg:0
[ 1587549ms] [ERROR] Failed to load resource: the server responded with a status of 404 (Not Found) @ http://localhost:3033/assets/images/logo.svg:0
[ 1592948ms] [ERROR] Failed to load resource: the server responded with a status of 404 (Not Found) @ http://localhost:3033/infineon/:0
[ 1592971ms] [ERROR] Failed to load resource: the server responded with a status of 404 (Not Found) @ http://localhost:3033/assets/images/logo.svg:0
[ 1599924ms] [ERROR] Failed to load resource: the server responded with a status of 404 (Not Found) @ http://localhost:3033/infineon/products:0
[ 1599955ms] [ERROR] Failed to load resource: the server responded with a status of 404 (Not Found) @ http://localhost:3033/assets/images/logo.svg:0
[ 1751086ms] [ERROR] Failed to load resource: the server responded with a status of 404 (Not Found) @ http://localhost:3033/infineon/news/new-partnership-infineon.html:0
[ 1751114ms] [ERROR] Failed to load resource: the server responded with a status of 404 (Not Found) @ http://localhost:3033/assets/images/logo.svg:0
[ 1905459ms] [ERROR] Failed to load resource: the server responded with a status of 404 (Not Found) @ http://localhost:3033/assets/images/logo.svg:0
[ 1906356ms] [ERROR] Failed to load resource: the server responded with a status of 404 (Not Found) @ http://localhost:3033/infineon/:0
[ 1906376ms] [ERROR] Failed to load resource: the server responded with a status of 404 (Not Found) @ http://localhost:3033/assets/images/logo.svg:0
[ 1909779ms] [ERROR] Failed to load resource: the server responded with a status of 404 (Not Found) @ http://localhost:3033/infineon/:0
[ 1909798ms] [ERROR] Failed to load resource: the server responded with a status of 404 (Not Found) @ http://localhost:3033/assets/images/logo.svg:0
[ 1910370ms] [ERROR] Failed to load resource: the server responded with a status of 404 (Not Found) @ http://localhost:3033/infineon/:0
[ 1910388ms] [ERROR] Failed to load resource: the server responded with a status of 404 (Not Found) @ http://localhost:3033/assets/images/logo.svg:0
[ 1930494ms] [ERROR] Failed to load resource: the server responded with a status of 404 (Not Found) @ http://localhost:3033/infineon/index.html:0
[ 1930529ms] [ERROR] Failed to load resource: the server responded with a status of 404 (Not Found) @ http://localhost:3033/assets/images/logo.svg:0
[ 1934985ms] [ERROR] Failed to load resource: the server responded with a status of 404 (Not Found) @ http://localhost:3033/infineon/index.html:0
[ 1935011ms] [ERROR] Failed to load resource: the server responded with a status of 404 (Not Found) @ http://localhost:3033/assets/images/logo.svg:0
[ 1935297ms] [ERROR] Failed to load resource: the server responded with a status of 404 (Not Found) @ http://localhost:3033/infineon/index.html:0
[ 1935319ms] [ERROR] Failed to load resource: the server responded with a status of 404 (Not Found) @ http://localhost:3033/assets/images/logo.svg:0
[ 1962558ms] [ERROR] Failed to load resource: the server responded with a status of 404 (Not Found) @ http://localhost:3033/news/:0
[ 1962577ms] [ERROR] Failed to load resource: the server responded with a status of 404 (Not Found) @ http://localhost:3033/assets/images/logo.svg:0
[ 1963227ms] [ERROR] Failed to load resource: the server responded with a status of 404 (Not Found) @ http://localhost:3033/news/:0
[ 1963248ms] [ERROR] Failed to load resource: the server responded with a status of 404 (Not Found) @ http://localhost:3033/assets/images/logo.svg:0
[ 1963675ms] [ERROR] Failed to load resource: the server responded with a status of 404 (Not Found) @ http://localhost:3033/news/:0
[ 1963692ms] [ERROR] Failed to load resource: the server responded with a status of 404 (Not Found) @ http://localhost:3033/assets/images/logo.svg:0
[ 2008896ms] [ERROR] Failed to load resource: the server responded with a status of 404 (Not Found) @ http://localhost:3033/assets/images/logo.svg:0
[ 2015964ms] [ERROR] Failed to load resource: the server responded with a status of 404 (Not Found) @ http://localhost:3033/about/:0
[ 2015996ms] [ERROR] Failed to load resource: the server responded with a status of 404 (Not Found) @ http://localhost:3033/assets/images/logo.svg:0
[ 2017234ms] [ERROR] Failed to load resource: the server responded with a status of 404 (Not Found) @ http://localhost:3033/news/:0
[ 2017254ms] [ERROR] Failed to load resource: the server responded with a status of 404 (Not Found) @ http://localhost:3033/assets/images/logo.svg:0
[ 2017888ms] [ERROR] Failed to load resource: the server responded with a status of 404 (Not Found) @ http://localhost:3033/assets/images/logo.svg:0
[ 2023685ms] [ERROR] Failed to load resource: the server responded with a status of 404 (Not Found) @ http://localhost:3033/infineon/:0
[ 2023717ms] [ERROR] Failed to load resource: the server responded with a status of 404 (Not Found) @ http://localhost:3033/assets/images/logo.svg:0
