[ 2628412ms] [ERROR] Failed to load resource: the server responded with a status of 404 () @ chrome-error://chromewebdata/:0
[ 7234552ms] TypeError: Cannot read properties of null (reading 'style')
    at http://localhost:8080/assets/js/navbar.js:51:14
[ 7235605ms] TypeError: Cannot read properties of null (reading 'style')
    at http://localhost:8080/assets/js/navbar.js:51:14
[ 7235655ms] TypeError: Cannot read properties of null (reading 'style')
    at http://localhost:8080/assets/js/navbar.js:51:14
[ 7235693ms] TypeError: Cannot read properties of null (reading 'style')
    at http://localhost:8080/assets/js/navbar.js:51:14
[ 7236239ms] TypeError: Cannot read properties of null (reading 'style')
    at http://localhost:8080/assets/js/navbar.js:51:14
[ 7238253ms] TypeError: Cannot read properties of null (reading 'style')
    at http://localhost:8080/assets/js/navbar.js:51:14
[ 7238325ms] TypeError: Cannot read properties of null (reading 'style')
    at http://localhost:8080/assets/js/navbar.js:51:14
[ 7238412ms] TypeError: Cannot read properties of null (reading 'style')
    at http://localhost:8080/assets/js/navbar.js:51:14
[ 7238792ms] TypeError: Cannot read properties of null (reading 'style')
    at http://localhost:8080/assets/js/navbar.js:51:14
[ 7238812ms] TypeError: Cannot read properties of null (reading 'style')
    at http://localhost:8080/assets/js/navbar.js:51:14
[ 7238828ms] TypeError: Cannot read properties of null (reading 'style')
    at http://localhost:8080/assets/js/navbar.js:51:14
[ 7238975ms] TypeError: Cannot read properties of null (reading 'style')
    at http://localhost:8080/assets/js/navbar.js:51:14
[ 7239325ms] TypeError: Cannot read properties of null (reading 'style')
    at http://localhost:8080/assets/js/navbar.js:51:14
[ 7239376ms] TypeError: Cannot read properties of null (reading 'style')
    at http://localhost:8080/assets/js/navbar.js:51:14
[ 7239412ms] TypeError: Cannot read properties of null (reading 'style')
    at http://localhost:8080/assets/js/navbar.js:51:14
[ 7239475ms] TypeError: Cannot read properties of null (reading 'style')
    at http://localhost:8080/assets/js/navbar.js:51:14
[ 7239926ms] TypeError: Cannot read properties of null (reading 'style')
    at http://localhost:8080/assets/js/navbar.js:51:14
[ 7239994ms] TypeError: Cannot read properties of null (reading 'style')
    at http://localhost:8080/assets/js/navbar.js:53:14
[ 7240111ms] TypeError: Cannot read properties of null (reading 'style')
    at http://localhost:8080/assets/js/navbar.js:51:14
[ 7240164ms] TypeError: Cannot read properties of null (reading 'style')
    at http://localhost:8080/assets/js/navbar.js:53:14
[ 7253091ms] TypeError: Cannot read properties of null (reading 'style')
    at http://localhost:8080/assets/js/navbar.js:51:14
[ 7253124ms] TypeError: Cannot read properties of null (reading 'style')
    at http://localhost:8080/assets/js/navbar.js:53:14
[ 7253156ms] TypeError: Cannot read properties of null (reading 'style')
    at http://localhost:8080/assets/js/navbar.js:51:14
[ 7253256ms] TypeError: Cannot read properties of null (reading 'style')
    at http://localhost:8080/assets/js/navbar.js:51:14
[ 7253406ms] TypeError: Cannot read properties of null (reading 'style')
    at http://localhost:8080/assets/js/navbar.js:51:14
[ 7253556ms] TypeError: Cannot read properties of null (reading 'style')
    at http://localhost:8080/assets/js/navbar.js:53:14
[ 7393529ms] TypeError: Cannot read properties of null (reading 'style')
    at http://localhost:8080/assets/js/navbar.js:51:14
[ 7393530ms] TypeError: Cannot read properties of null (reading 'style')
    at http://localhost:8080/assets/js/navbar.js:51:14
[ 7393564ms] TypeError: Cannot read properties of null (reading 'style')
    at http://localhost:8080/assets/js/navbar.js:51:14
[ 7393613ms] TypeError: Cannot read properties of null (reading 'style')
    at http://localhost:8080/assets/js/navbar.js:51:14
[ 7393996ms] TypeError: Cannot read properties of null (reading 'style')
    at http://localhost:8080/assets/js/navbar.js:51:14
[ 7394030ms] TypeError: Cannot read properties of null (reading 'style')
    at http://localhost:8080/assets/js/navbar.js:51:14
[ 7394068ms] TypeError: Cannot read properties of null (reading 'style')
    at http://localhost:8080/assets/js/navbar.js:51:14
[ 7394100ms] TypeError: Cannot read properties of null (reading 'style')
    at http://localhost:8080/assets/js/navbar.js:51:14
[ 7394484ms] TypeError: Cannot read properties of null (reading 'style')
    at http://localhost:8080/assets/js/navbar.js:51:14
[ 7394516ms] TypeError: Cannot read properties of null (reading 'style')
    at http://localhost:8080/assets/js/navbar.js:51:14
[ 7394547ms] TypeError: Cannot read properties of null (reading 'style')
    at http://localhost:8080/assets/js/navbar.js:51:14
[ 7394580ms] TypeError: Cannot read properties of null (reading 'style')
    at http://localhost:8080/assets/js/navbar.js:51:14
[ 7394981ms] TypeError: Cannot read properties of null (reading 'style')
    at http://localhost:8080/assets/js/navbar.js:51:14
[ 7395031ms] TypeError: Cannot read properties of null (reading 'style')
    at http://localhost:8080/assets/js/navbar.js:51:14
[ 7395100ms] TypeError: Cannot read properties of null (reading 'style')
    at http://localhost:8080/assets/js/navbar.js:51:14
[ 7395131ms] TypeError: Cannot read properties of null (reading 'style')
    at http://localhost:8080/assets/js/navbar.js:51:14
[ 8321045ms] TypeError: Cannot read properties of null (reading 'style')
    at http://localhost:8080/assets/js/navbar.js:51:14
[ 8321072ms] TypeError: Cannot read properties of null (reading 'style')
    at http://localhost:8080/assets/js/navbar.js:51:14
[ 8321090ms] TypeError: Cannot read properties of null (reading 'style')
    at http://localhost:8080/assets/js/navbar.js:51:14
[ 8321122ms] TypeError: Cannot read properties of null (reading 'style')
    at http://localhost:8080/assets/js/navbar.js:51:14
[ 8321456ms] TypeError: Cannot read properties of null (reading 'style')
    at http://localhost:8080/assets/js/navbar.js:51:14
[ 8321460ms] TypeError: Cannot read properties of null (reading 'style')
    at http://localhost:8080/assets/js/navbar.js:51:14
[ 8321473ms] TypeError: Cannot read properties of null (reading 'style')
    at http://localhost:8080/assets/js/navbar.js:51:14
[ 8321841ms] TypeError: Cannot read properties of null (reading 'style')
    at http://localhost:8080/assets/js/navbar.js:51:14
[ 8321857ms] TypeError: Cannot read properties of null (reading 'style')
    at http://localhost:8080/assets/js/navbar.js:51:14
[ 8321923ms] TypeError: Cannot read properties of null (reading 'style')
    at http://localhost:8080/assets/js/navbar.js:53:14
[ 8469136ms] TypeError: Cannot read properties of null (reading 'style')
    at http://localhost:8080/assets/js/navbar.js:51:14
[ 8469238ms] TypeError: Cannot read properties of null (reading 'style')
    at http://localhost:8080/assets/js/navbar.js:51:14
[ 8469770ms] TypeError: Cannot read properties of null (reading 'style')
    at http://localhost:8080/assets/js/navbar.js:51:14
[ 8469787ms] TypeError: Cannot read properties of null (reading 'style')
    at http://localhost:8080/assets/js/navbar.js:51:14
[ 8470020ms] TypeError: Cannot read properties of null (reading 'style')
    at http://localhost:8080/assets/js/navbar.js:51:14
[ 8488021ms] TypeError: Cannot read properties of null (reading 'style')
    at http://localhost:8080/assets/js/navbar.js:51:14
[ 8488039ms] TypeError: Cannot read properties of null (reading 'style')
    at http://localhost:8080/assets/js/navbar.js:51:14
[ 8488055ms] TypeError: Cannot read properties of null (reading 'style')
    at http://localhost:8080/assets/js/navbar.js:51:14
[ 8488072ms] TypeError: Cannot read properties of null (reading 'style')
    at http://localhost:8080/assets/js/navbar.js:51:14
[ 8488089ms] TypeError: Cannot read properties of null (reading 'style')
    at http://localhost:8080/assets/js/navbar.js:51:14
[ 8488106ms] TypeError: Cannot read properties of null (reading 'style')
    at http://localhost:8080/assets/js/navbar.js:51:14
[ 8488123ms] TypeError: Cannot read properties of null (reading 'style')
    at http://localhost:8080/assets/js/navbar.js:51:14
[ 8488139ms] TypeError: Cannot read properties of null (reading 'style')
    at http://localhost:8080/assets/js/navbar.js:51:14
[ 8488156ms] TypeError: Cannot read properties of null (reading 'style')
    at http://localhost:8080/assets/js/navbar.js:51:14
[ 8488172ms] TypeError: Cannot read properties of null (reading 'style')
    at http://localhost:8080/assets/js/navbar.js:51:14
[ 8488189ms] TypeError: Cannot read properties of null (reading 'style')
    at http://localhost:8080/assets/js/navbar.js:51:14
[ 8488206ms] TypeError: Cannot read properties of null (reading 'style')
    at http://localhost:8080/assets/js/navbar.js:51:14
[ 8488222ms] TypeError: Cannot read properties of null (reading 'style')
    at http://localhost:8080/assets/js/navbar.js:51:14
[ 8488239ms] TypeError: Cannot read properties of null (reading 'style')
    at http://localhost:8080/assets/js/navbar.js:51:14
[ 8488256ms] TypeError: Cannot read properties of null (reading 'style')
    at http://localhost:8080/assets/js/navbar.js:51:14
[ 8488273ms] TypeError: Cannot read properties of null (reading 'style')
    at http://localhost:8080/assets/js/navbar.js:51:14
[ 8488289ms] TypeError: Cannot read properties of null (reading 'style')
    at http://localhost:8080/assets/js/navbar.js:51:14
[ 8488306ms] TypeError: Cannot read properties of null (reading 'style')
    at http://localhost:8080/assets/js/navbar.js:51:14
[ 8488323ms] TypeError: Cannot read properties of null (reading 'style')
    at http://localhost:8080/assets/js/navbar.js:51:14
[ 8488340ms] TypeError: Cannot read properties of null (reading 'style')
    at http://localhost:8080/assets/js/navbar.js:51:14
[ 8488356ms] TypeError: Cannot read properties of null (reading 'style')
    at http://localhost:8080/assets/js/navbar.js:51:14
[ 8488372ms] TypeError: Cannot read properties of null (reading 'style')
    at http://localhost:8080/assets/js/navbar.js:51:14
[ 8488389ms] TypeError: Cannot read properties of null (reading 'style')
    at http://localhost:8080/assets/js/navbar.js:51:14
[ 8488406ms] TypeError: Cannot read properties of null (reading 'style')
    at http://localhost:8080/assets/js/navbar.js:51:14
[ 8488422ms] TypeError: Cannot read properties of null (reading 'style')
    at http://localhost:8080/assets/js/navbar.js:51:14
[ 8488439ms] TypeError: Cannot read properties of null (reading 'style')
    at http://localhost:8080/assets/js/navbar.js:51:14
[ 8488456ms] TypeError: Cannot read properties of null (reading 'style')
    at http://localhost:8080/assets/js/navbar.js:51:14
[ 8488473ms] TypeError: Cannot read properties of null (reading 'style')
    at http://localhost:8080/assets/js/navbar.js:51:14
[ 8488489ms] TypeError: Cannot read properties of null (reading 'style')
    at http://localhost:8080/assets/js/navbar.js:51:14
[ 8488507ms] TypeError: Cannot read properties of null (reading 'style')
    at http://localhost:8080/assets/js/navbar.js:51:14
[ 8488523ms] TypeError: Cannot read properties of null (reading 'style')
    at http://localhost:8080/assets/js/navbar.js:51:14
[ 8488540ms] TypeError: Cannot read properties of null (reading 'style')
    at http://localhost:8080/assets/js/navbar.js:51:14
[ 8488556ms] TypeError: Cannot read properties of null (reading 'style')
    at http://localhost:8080/assets/js/navbar.js:51:14
[ 8490945ms] [ERROR] Failed to load resource: the server responded with a status of 404 () @ chrome-error://chromewebdata/:0
[ 8493479ms] TypeError: Cannot read properties of null (reading 'style')
    at http://localhost:8080/assets/js/navbar.js:51:14
[ 8496891ms] TypeError: Cannot read properties of null (reading 'style')
    at http://localhost:8080/assets/js/navbar.js:51:14
[ 8496963ms] TypeError: Cannot read properties of null (reading 'style')
    at http://localhost:8080/assets/js/navbar.js:51:14
[ 8496997ms] TypeError: Cannot read properties of null (reading 'style')
    at http://localhost:8080/assets/js/navbar.js:51:14
[ 8497064ms] TypeError: Cannot read properties of null (reading 'style')
    at http://localhost:8080/assets/js/navbar.js:51:14
[ 8497547ms] TypeError: Cannot read properties of null (reading 'style')
    at http://localhost:8080/assets/js/navbar.js:51:14
[ 8497581ms] TypeError: Cannot read properties of null (reading 'style')
    at http://localhost:8080/assets/js/navbar.js:51:14
[ 8497598ms] TypeError: Cannot read properties of null (reading 'style')
    at http://localhost:8080/assets/js/navbar.js:51:14
[ 8497619ms] TypeError: Cannot read properties of null (reading 'style')
    at http://localhost:8080/assets/js/navbar.js:51:14
[ 8497683ms] TypeError: Cannot read properties of null (reading 'style')
    at http://localhost:8080/assets/js/navbar.js:51:14
[ 8498081ms] TypeError: Cannot read properties of null (reading 'style')
    at http://localhost:8080/assets/js/navbar.js:51:14
[ 8498115ms] TypeError: Cannot read properties of null (reading 'style')
    at http://localhost:8080/assets/js/navbar.js:51:14
[ 8498181ms] TypeError: Cannot read properties of null (reading 'style')
    at http://localhost:8080/assets/js/navbar.js:51:14
[ 8498203ms] TypeError: Cannot read properties of null (reading 'style')
    at http://localhost:8080/assets/js/navbar.js:51:14
[ 8498665ms] TypeError: Cannot read properties of null (reading 'style')
    at http://localhost:8080/assets/js/navbar.js:51:14
[ 8498699ms] TypeError: Cannot read properties of null (reading 'style')
    at http://localhost:8080/assets/js/navbar.js:51:14
[ 8498749ms] TypeError: Cannot read properties of null (reading 'style')
    at http://localhost:8080/assets/js/navbar.js:51:14
[ 8498766ms] TypeError: Cannot read properties of null (reading 'style')
    at http://localhost:8080/assets/js/navbar.js:51:14
[ 8498819ms] TypeError: Cannot read properties of null (reading 'style')
    at http://localhost:8080/assets/js/navbar.js:53:14
[10748428ms] TypeError: Cannot read properties of null (reading 'style')
    at http://localhost:8080/assets/js/navbar.js:51:14
[10748449ms] TypeError: Cannot read properties of null (reading 'style')
    at http://localhost:8080/assets/js/navbar.js:51:14
[10748482ms] TypeError: Cannot read properties of null (reading 'style')
    at http://localhost:8080/assets/js/navbar.js:51:14
[10748513ms] TypeError: Cannot read properties of null (reading 'style')
    at http://localhost:8080/assets/js/navbar.js:51:14
[10748812ms] TypeError: Cannot read properties of null (reading 'style')
    at http://localhost:8080/assets/js/navbar.js:51:14
[10748861ms] TypeError: Cannot read properties of null (reading 'style')
    at http://localhost:8080/assets/js/navbar.js:51:14
[10748913ms] TypeError: Cannot read properties of null (reading 'style')
    at http://localhost:8080/assets/js/navbar.js:51:14
[10749246ms] TypeError: Cannot read properties of null (reading 'style')
    at http://localhost:8080/assets/js/navbar.js:51:14
[10749281ms] TypeError: Cannot read properties of null (reading 'style')
    at http://localhost:8080/assets/js/navbar.js:51:14
[10749314ms] TypeError: Cannot read properties of null (reading 'style')
    at http://localhost:8080/assets/js/navbar.js:51:14
[10749730ms] TypeError: Cannot read properties of null (reading 'style')
    at http://localhost:8080/assets/js/navbar.js:51:14
[10749752ms] TypeError: Cannot read properties of null (reading 'style')
    at http://localhost:8080/assets/js/navbar.js:51:14
[10749846ms] TypeError: Cannot read properties of null (reading 'style')
    at http://localhost:8080/assets/js/navbar.js:51:14
[10750580ms] TypeError: Cannot read properties of null (reading 'style')
    at http://localhost:8080/assets/js/navbar.js:51:14
[10750598ms] TypeError: Cannot read properties of null (reading 'style')
    at http://localhost:8080/assets/js/navbar.js:51:14
[10750614ms] TypeError: Cannot read properties of null (reading 'style')
    at http://localhost:8080/assets/js/navbar.js:51:14
[10750631ms] TypeError: Cannot read properties of null (reading 'style')
    at http://localhost:8080/assets/js/navbar.js:51:14
[10750648ms] TypeError: Cannot read properties of null (reading 'style')
    at http://localhost:8080/assets/js/navbar.js:51:14
[10750664ms] TypeError: Cannot read properties of null (reading 'style')
    at http://localhost:8080/assets/js/navbar.js:51:14
[10750681ms] TypeError: Cannot read properties of null (reading 'style')
    at http://localhost:8080/assets/js/navbar.js:51:14
[10750698ms] TypeError: Cannot read properties of null (reading 'style')
    at http://localhost:8080/assets/js/navbar.js:51:14
[10750714ms] TypeError: Cannot read properties of null (reading 'style')
    at http://localhost:8080/assets/js/navbar.js:51:14
[10750731ms] TypeError: Cannot read properties of null (reading 'style')
    at http://localhost:8080/assets/js/navbar.js:51:14
[10750748ms] TypeError: Cannot read properties of null (reading 'style')
    at http://localhost:8080/assets/js/navbar.js:51:14
[10750765ms] TypeError: Cannot read properties of null (reading 'style')
    at http://localhost:8080/assets/js/navbar.js:51:14
[10750782ms] TypeError: Cannot read properties of null (reading 'style')
    at http://localhost:8080/assets/js/navbar.js:51:14
[10750797ms] TypeError: Cannot read properties of null (reading 'style')
    at http://localhost:8080/assets/js/navbar.js:51:14
[10751514ms] TypeError: Cannot read properties of null (reading 'style')
    at http://localhost:8080/assets/js/navbar.js:51:14
[10751532ms] TypeError: Cannot read properties of null (reading 'style')
    at http://localhost:8080/assets/js/navbar.js:51:14
[10751549ms] TypeError: Cannot read properties of null (reading 'style')
    at http://localhost:8080/assets/js/navbar.js:51:14
[10751565ms] TypeError: Cannot read properties of null (reading 'style')
    at http://localhost:8080/assets/js/navbar.js:51:14
[10751582ms] TypeError: Cannot read properties of null (reading 'style')
    at http://localhost:8080/assets/js/navbar.js:51:14
[10751598ms] TypeError: Cannot read properties of null (reading 'style')
    at http://localhost:8080/assets/js/navbar.js:51:14
[10751615ms] TypeError: Cannot read properties of null (reading 'style')
    at http://localhost:8080/assets/js/navbar.js:51:14
[10751632ms] TypeError: Cannot read properties of null (reading 'style')
    at http://localhost:8080/assets/js/navbar.js:51:14
[10751649ms] TypeError: Cannot read properties of null (reading 'style')
    at http://localhost:8080/assets/js/navbar.js:51:14
[10751665ms] TypeError: Cannot read properties of null (reading 'style')
    at http://localhost:8080/assets/js/navbar.js:51:14
[10751682ms] TypeError: Cannot read properties of null (reading 'style')
    at http://localhost:8080/assets/js/navbar.js:51:14
[10751698ms] TypeError: Cannot read properties of null (reading 'style')
    at http://localhost:8080/assets/js/navbar.js:51:14
[10751715ms] TypeError: Cannot read properties of null (reading 'style')
    at http://localhost:8080/assets/js/navbar.js:53:14
[11041771ms] TypeError: Cannot read properties of null (reading 'style')
    at http://localhost:8080/assets/js/navbar.js:51:14
[11042209ms] TypeError: Cannot read properties of null (reading 'style')
    at http://localhost:8080/assets/js/navbar.js:51:14
[11042254ms] TypeError: Cannot read properties of null (reading 'style')
    at http://localhost:8080/assets/js/navbar.js:51:14
[11042572ms] TypeError: Cannot read properties of null (reading 'style')
    at http://localhost:8080/assets/js/navbar.js:51:14
[11042605ms] TypeError: Cannot read properties of null (reading 'style')
    at http://localhost:8080/assets/js/navbar.js:51:14
[11042689ms] TypeError: Cannot read properties of null (reading 'style')
    at http://localhost:8080/assets/js/navbar.js:51:14
[11043908ms] TypeError: Cannot read properties of null (reading 'style')
    at http://localhost:8080/assets/js/navbar.js:51:14
[11043923ms] TypeError: Cannot read properties of null (reading 'style')
    at http://localhost:8080/assets/js/navbar.js:51:14
[11043940ms] TypeError: Cannot read properties of null (reading 'style')
    at http://localhost:8080/assets/js/navbar.js:51:14
[11043957ms] TypeError: Cannot read properties of null (reading 'style')
    at http://localhost:8080/assets/js/navbar.js:51:14
[11043974ms] TypeError: Cannot read properties of null (reading 'style')
    at http://localhost:8080/assets/js/navbar.js:51:14
[11043991ms] TypeError: Cannot read properties of null (reading 'style')
    at http://localhost:8080/assets/js/navbar.js:51:14
[11044008ms] TypeError: Cannot read properties of null (reading 'style')
    at http://localhost:8080/assets/js/navbar.js:51:14
[11044024ms] TypeError: Cannot read properties of null (reading 'style')
    at http://localhost:8080/assets/js/navbar.js:51:14
[11044041ms] TypeError: Cannot read properties of null (reading 'style')
    at http://localhost:8080/assets/js/navbar.js:51:14
[11044057ms] TypeError: Cannot read properties of null (reading 'style')
    at http://localhost:8080/assets/js/navbar.js:51:14
[11044074ms] TypeError: Cannot read properties of null (reading 'style')
    at http://localhost:8080/assets/js/navbar.js:51:14
[11044090ms] TypeError: Cannot read properties of null (reading 'style')
    at http://localhost:8080/assets/js/navbar.js:51:14
[11044107ms] TypeError: Cannot read properties of null (reading 'style')
    at http://localhost:8080/assets/js/navbar.js:51:14
[11044124ms] TypeError: Cannot read properties of null (reading 'style')
    at http://localhost:8080/assets/js/navbar.js:51:14
[11044140ms] TypeError: Cannot read properties of null (reading 'style')
    at http://localhost:8080/assets/js/navbar.js:51:14
[11044857ms] TypeError: Cannot read properties of null (reading 'style')
    at http://localhost:8080/assets/js/navbar.js:51:14
[11044874ms] TypeError: Cannot read properties of null (reading 'style')
    at http://localhost:8080/assets/js/navbar.js:51:14
[11044891ms] TypeError: Cannot read properties of null (reading 'style')
    at http://localhost:8080/assets/js/navbar.js:51:14
[11044908ms] TypeError: Cannot read properties of null (reading 'style')
    at http://localhost:8080/assets/js/navbar.js:51:14
[11044925ms] TypeError: Cannot read properties of null (reading 'style')
    at http://localhost:8080/assets/js/navbar.js:51:14
[11044941ms] TypeError: Cannot read properties of null (reading 'style')
    at http://localhost:8080/assets/js/navbar.js:51:14
[11044958ms] TypeError: Cannot read properties of null (reading 'style')
    at http://localhost:8080/assets/js/navbar.js:51:14
[11044975ms] TypeError: Cannot read properties of null (reading 'style')
    at http://localhost:8080/assets/js/navbar.js:51:14
[11044991ms] TypeError: Cannot read properties of null (reading 'style')
    at http://localhost:8080/assets/js/navbar.js:51:14
[11045010ms] TypeError: Cannot read properties of null (reading 'style')
    at http://localhost:8080/assets/js/navbar.js:53:14
[11045025ms] TypeError: Cannot read properties of null (reading 'style')
    at http://localhost:8080/assets/js/navbar.js:53:14
[11653332ms] TypeError: Cannot read properties of null (reading 'style')
    at http://localhost:8080/assets/js/navbar.js:51:14
[11653415ms] TypeError: Cannot read properties of null (reading 'style')
    at http://localhost:8080/assets/js/navbar.js:51:14
[11653458ms] TypeError: Cannot read properties of null (reading 'style')
    at http://localhost:8080/assets/js/navbar.js:51:14
[11653481ms] TypeError: Cannot read properties of null (reading 'style')
    at http://localhost:8080/assets/js/navbar.js:51:14
[11653515ms] TypeError: Cannot read properties of null (reading 'style')
    at http://localhost:8080/assets/js/navbar.js:51:14
[11653949ms] TypeError: Cannot read properties of null (reading 'style')
    at http://localhost:8080/assets/js/navbar.js:51:14
[11653949ms] TypeError: Cannot read properties of null (reading 'style')
    at http://localhost:8080/assets/js/navbar.js:51:14
[11654017ms] TypeError: Cannot read properties of null (reading 'style')
    at http://localhost:8080/assets/js/navbar.js:51:14
[11654349ms] TypeError: Cannot read properties of null (reading 'style')
    at http://localhost:8080/assets/js/navbar.js:51:14
[11654366ms] TypeError: Cannot read properties of null (reading 'style')
    at http://localhost:8080/assets/js/navbar.js:51:14
[11654399ms] TypeError: Cannot read properties of null (reading 'style')
    at http://localhost:8080/assets/js/navbar.js:51:14
[11654466ms] TypeError: Cannot read properties of null (reading 'style')
    at http://localhost:8080/assets/js/navbar.js:51:14
[11655033ms] TypeError: Cannot read properties of null (reading 'style')
    at http://localhost:8080/assets/js/navbar.js:51:14
[11655083ms] TypeError: Cannot read properties of null (reading 'style')
    at http://localhost:8080/assets/js/navbar.js:51:14
[11655101ms] TypeError: Cannot read properties of null (reading 'style')
    at http://localhost:8080/assets/js/navbar.js:51:14
[11655149ms] TypeError: Cannot read properties of null (reading 'style')
    at http://localhost:8080/assets/js/navbar.js:51:14
[11655505ms] TypeError: Cannot read properties of null (reading 'style')
    at http://localhost:8080/assets/js/navbar.js:51:14
[11655617ms] TypeError: Cannot read properties of null (reading 'style')
    at http://localhost:8080/assets/js/navbar.js:51:14
[11655936ms] TypeError: Cannot read properties of null (reading 'style')
    at http://localhost:8080/assets/js/navbar.js:51:14
[11656001ms] TypeError: Cannot read properties of null (reading 'style')
    at http://localhost:8080/assets/js/navbar.js:51:14
[11656952ms] TypeError: Cannot read properties of null (reading 'style')
    at http://localhost:8080/assets/js/navbar.js:51:14
[11656969ms] TypeError: Cannot read properties of null (reading 'style')
    at http://localhost:8080/assets/js/navbar.js:51:14
[11656986ms] TypeError: Cannot read properties of null (reading 'style')
    at http://localhost:8080/assets/js/navbar.js:51:14
[11657003ms] TypeError: Cannot read properties of null (reading 'style')
    at http://localhost:8080/assets/js/navbar.js:51:14
[11657019ms] TypeError: Cannot read properties of null (reading 'style')
    at http://localhost:8080/assets/js/navbar.js:51:14
[11657036ms] TypeError: Cannot read properties of null (reading 'style')
    at http://localhost:8080/assets/js/navbar.js:51:14
[11657053ms] TypeError: Cannot read properties of null (reading 'style')
    at http://localhost:8080/assets/js/navbar.js:51:14
[11657070ms] TypeError: Cannot read properties of null (reading 'style')
    at http://localhost:8080/assets/js/navbar.js:51:14
[11657086ms] TypeError: Cannot read properties of null (reading 'style')
    at http://localhost:8080/assets/js/navbar.js:51:14
[11657105ms] TypeError: Cannot read properties of null (reading 'style')
    at http://localhost:8080/assets/js/navbar.js:51:14
[11657121ms] TypeError: Cannot read properties of null (reading 'style')
    at http://localhost:8080/assets/js/navbar.js:51:14
[11657138ms] TypeError: Cannot read properties of null (reading 'style')
    at http://localhost:8080/assets/js/navbar.js:51:14
[11657153ms] TypeError: Cannot read properties of null (reading 'style')
    at http://localhost:8080/assets/js/navbar.js:51:14
[11657169ms] TypeError: Cannot read properties of null (reading 'style')
    at http://localhost:8080/assets/js/navbar.js:51:14
[11657186ms] TypeError: Cannot read properties of null (reading 'style')
    at http://localhost:8080/assets/js/navbar.js:51:14
[11657203ms] TypeError: Cannot read properties of null (reading 'style')
    at http://localhost:8080/assets/js/navbar.js:51:14
[11657248ms] TypeError: Cannot read properties of null (reading 'style')
    at http://localhost:8080/assets/js/navbar.js:51:14
[11657249ms] TypeError: Cannot read properties of null (reading 'style')
    at http://localhost:8080/assets/js/navbar.js:51:14
[11657255ms] TypeError: Cannot read properties of null (reading 'style')
    at http://localhost:8080/assets/js/navbar.js:51:14
[11657270ms] TypeError: Cannot read properties of null (reading 'style')
    at http://localhost:8080/assets/js/navbar.js:51:14
[11657287ms] TypeError: Cannot read properties of null (reading 'style')
    at http://localhost:8080/assets/js/navbar.js:51:14
[11657303ms] TypeError: Cannot read properties of null (reading 'style')
    at http://localhost:8080/assets/js/navbar.js:51:14
[11657320ms] TypeError: Cannot read properties of null (reading 'style')
    at http://localhost:8080/assets/js/navbar.js:51:14
[11657452ms] TypeError: Cannot read properties of null (reading 'style')
    at http://localhost:8080/assets/js/navbar.js:51:14
[11657472ms] TypeError: Cannot read properties of null (reading 'style')
    at http://localhost:8080/assets/js/navbar.js:51:14
[11657487ms] TypeError: Cannot read properties of null (reading 'style')
    at http://localhost:8080/assets/js/navbar.js:51:14
[11657503ms] TypeError: Cannot read properties of null (reading 'style')
    at http://localhost:8080/assets/js/navbar.js:51:14
[11657520ms] TypeError: Cannot read properties of null (reading 'style')
    at http://localhost:8080/assets/js/navbar.js:51:14
[11657537ms] TypeError: Cannot read properties of null (reading 'style')
    at http://localhost:8080/assets/js/navbar.js:51:14
[11657553ms] TypeError: Cannot read properties of null (reading 'style')
    at http://localhost:8080/assets/js/navbar.js:51:14
[11657572ms] TypeError: Cannot read properties of null (reading 'style')
    at http://localhost:8080/assets/js/navbar.js:51:14
[11657586ms] TypeError: Cannot read properties of null (reading 'style')
    at http://localhost:8080/assets/js/navbar.js:51:14
[11657603ms] TypeError: Cannot read properties of null (reading 'style')
    at http://localhost:8080/assets/js/navbar.js:51:14
[11657620ms] TypeError: Cannot read properties of null (reading 'style')
    at http://localhost:8080/assets/js/navbar.js:51:14
[11657636ms] TypeError: Cannot read properties of null (reading 'style')
    at http://localhost:8080/assets/js/navbar.js:51:14
[11657653ms] TypeError: Cannot read properties of null (reading 'style')
    at http://localhost:8080/assets/js/navbar.js:51:14
[11657670ms] TypeError: Cannot read properties of null (reading 'style')
    at http://localhost:8080/assets/js/navbar.js:51:14
[11657687ms] TypeError: Cannot read properties of null (reading 'style')
    at http://localhost:8080/assets/js/navbar.js:51:14
[11657705ms] TypeError: Cannot read properties of null (reading 'style')
    at http://localhost:8080/assets/js/navbar.js:51:14
[11657720ms] TypeError: Cannot read properties of null (reading 'style')
    at http://localhost:8080/assets/js/navbar.js:51:14
[11657737ms] TypeError: Cannot read properties of null (reading 'style')
    at http://localhost:8080/assets/js/navbar.js:51:14
[11657819ms] TypeError: Cannot read properties of null (reading 'style')
    at http://localhost:8080/assets/js/navbar.js:51:14
[11657837ms] TypeError: Cannot read properties of null (reading 'style')
    at http://localhost:8080/assets/js/navbar.js:51:14
[11657853ms] TypeError: Cannot read properties of null (reading 'style')
    at http://localhost:8080/assets/js/navbar.js:51:14
[11658820ms] TypeError: Cannot read properties of null (reading 'style')
    at http://localhost:8080/assets/js/navbar.js:51:14
[11658837ms] TypeError: Cannot read properties of null (reading 'style')
    at http://localhost:8080/assets/js/navbar.js:51:14
[11658854ms] TypeError: Cannot read properties of null (reading 'style')
    at http://localhost:8080/assets/js/navbar.js:51:14
[11658871ms] TypeError: Cannot read properties of null (reading 'style')
    at http://localhost:8080/assets/js/navbar.js:51:14
[11658888ms] TypeError: Cannot read properties of null (reading 'style')
    at http://localhost:8080/assets/js/navbar.js:51:14
[11658904ms] TypeError: Cannot read properties of null (reading 'style')
    at http://localhost:8080/assets/js/navbar.js:51:14
[11658921ms] TypeError: Cannot read properties of null (reading 'style')
    at http://localhost:8080/assets/js/navbar.js:51:14
[11658938ms] TypeError: Cannot read properties of null (reading 'style')
    at http://localhost:8080/assets/js/navbar.js:51:14
[11658954ms] TypeError: Cannot read properties of null (reading 'style')
    at http://localhost:8080/assets/js/navbar.js:51:14
[11658971ms] TypeError: Cannot read properties of null (reading 'style')
    at http://localhost:8080/assets/js/navbar.js:51:14
[11658987ms] TypeError: Cannot read properties of null (reading 'style')
    at http://localhost:8080/assets/js/navbar.js:51:14
[11659721ms] TypeError: Cannot read properties of null (reading 'style')
    at http://localhost:8080/assets/js/navbar.js:51:14
[11659738ms] TypeError: Cannot read properties of null (reading 'style')
    at http://localhost:8080/assets/js/navbar.js:51:14
[11659755ms] TypeError: Cannot read properties of null (reading 'style')
    at http://localhost:8080/assets/js/navbar.js:51:14
[11659772ms] TypeError: Cannot read properties of null (reading 'style')
    at http://localhost:8080/assets/js/navbar.js:51:14
[11659789ms] TypeError: Cannot read properties of null (reading 'style')
    at http://localhost:8080/assets/js/navbar.js:51:14
[11659806ms] TypeError: Cannot read properties of null (reading 'style')
    at http://localhost:8080/assets/js/navbar.js:51:14
[11659822ms] TypeError: Cannot read properties of null (reading 'style')
    at http://localhost:8080/assets/js/navbar.js:51:14
[11659839ms] TypeError: Cannot read properties of null (reading 'style')
    at http://localhost:8080/assets/js/navbar.js:51:14
[11659855ms] TypeError: Cannot read properties of null (reading 'style')
    at http://localhost:8080/assets/js/navbar.js:51:14
[11659872ms] TypeError: Cannot read properties of null (reading 'style')
    at http://localhost:8080/assets/js/navbar.js:51:14
[11659918ms] TypeError: Cannot read properties of null (reading 'style')
    at http://localhost:8080/assets/js/navbar.js:51:14
[11659918ms] TypeError: Cannot read properties of null (reading 'style')
    at http://localhost:8080/assets/js/navbar.js:51:14
[11659922ms] TypeError: Cannot read properties of null (reading 'style')
    at http://localhost:8080/assets/js/navbar.js:51:14
[11659939ms] TypeError: Cannot read properties of null (reading 'style')
    at http://localhost:8080/assets/js/navbar.js:53:14
[11659955ms] TypeError: Cannot read properties of null (reading 'style')
    at http://localhost:8080/assets/js/navbar.js:53:14
[11677439ms] TypeError: Cannot read properties of null (reading 'style')
    at http://localhost:8080/assets/js/navbar.js:51:14
[11677822ms] TypeError: Cannot read properties of null (reading 'style')
    at http://localhost:8080/assets/js/navbar.js:53:14
[11977550ms] [ERROR] Failed to load resource: the server responded with a status of 400 (Bad Request) @ http://localhost:8080/%3C%=%20typeof%20brand%20!==%20'undefined'%20?%20brand.name.toLowerCase()%20:%20%27infineon%27%20%%3E/support/:0
[11980215ms] [ERROR] Failed to load resource: the server responded with a status of 400 (Bad Request) @ http://localhost:8080/%3C%=%20typeof%20brand%20!==%20'undefined'%20?%20brand.name.toLowerCase()%20:%20%27infineon%27%20%%3E/solutions/:0
[11982246ms] [ERROR] Failed to load resource: the server responded with a status of 400 (Bad Request) @ http://localhost:8080/%3C%=%20typeof%20brand%20!==%20'undefined'%20?%20brand.name.toLowerCase()%20:%20%27infineon%27%20%%3E/products/:0
[11984327ms] [ERROR] Failed to load resource: the server responded with a status of 400 (Bad Request) @ http://localhost:8080/%3C%=%20typeof%20brand%20!==%20'undefined'%20?%20brand.name.toLowerCase()%20:%20%27infineon%27%20%%3E/:0
[12001276ms] [ERROR] Failed to load resource: the server responded with a status of 400 (Bad Request) @ http://localhost:8080/%3C%=%20typeof%20brand%20!==%20'undefined'%20?%20brand.name.toLowerCase()%20:%20%27infineon%27%20%%3E/support/:0
